  glad.c
  main.cpp
D:\OPENGL\physx2d\physx2d\Physx2D\math\math.h(12,39): warning C4305: 'initializing': truncation from 'double' to 'float'
D:\OPENGL\physx2d\physx2d\Physx2D\math\math.h(13,40): warning C4305: 'initializing': truncation from 'double' to 'float'
  math.cpp
D:\OPENGL\physx2d\physx2d\Physx2D\math\math.h(12,39): warning C4305: 'initializing': truncation from 'double' to 'float'
D:\OPENGL\physx2d\physx2d\Physx2D\math\math.h(13,40): warning C4305: 'initializing': truncation from 'double' to 'float'
D:\OPENGL\physx2d\physx2d\Physx2D\math\math.cpp(22,27): warning C4244: '*=': conversion from 'double' to 'uint32_t', possible loss of data
D:\OPENGL\physx2d\physx2d\Physx2D\math\math.cpp(27,63): warning C4244: 'argument': conversion from 'double' to 'uint32_t', possible loss of data
  physics2d.cpp
D:\OPENGL\physx2d\physx2d\Physx2D\math\math.h(12,39): warning C4305: 'initializing': truncation from 'double' to 'float'
D:\OPENGL\physx2d\physx2d\Physx2D\math\math.h(13,40): warning C4305: 'initializing': truncation from 'double' to 'float'
  framebuffer.cpp
D:\OPENGL\physx2d\physx2d\Physx2D\math\math.h(12,39): warning C4305: 'initializing': truncation from 'double' to 'float'
D:\OPENGL\physx2d\physx2d\Physx2D\math\math.h(13,40): warning C4305: 'initializing': truncation from 'double' to 'float'
  instancedRenderer.cpp
D:\OPENGL\physx2d\physx2d\Physx2D\math\math.h(12,39): warning C4305: 'initializing': truncation from 'double' to 'float'
D:\OPENGL\physx2d\physx2d\Physx2D\math\math.h(13,40): warning C4305: 'initializing': truncation from 'double' to 'float'
  renderer2D.cpp
D:\OPENGL\physx2d\physx2d\Physx2D\math\math.h(12,39): warning C4305: 'initializing': truncation from 'double' to 'float'
D:\OPENGL\physx2d\physx2d\Physx2D\math\math.h(13,40): warning C4305: 'initializing': truncation from 'double' to 'float'
D:\OPENGL\physx2d\physx2d\Physx2D\renderer\renderer2D.cpp(14,2): warning C4267: 'initializing': conversion from 'size_t' to 'uint32_t', possible loss of data
  shader.cpp
D:\OPENGL\physx2d\physx2d\Physx2D\math\math.h(12,39): warning C4305: 'initializing': truncation from 'double' to 'float'
D:\OPENGL\physx2d\physx2d\Physx2D\math\math.h(13,40): warning C4305: 'initializing': truncation from 'double' to 'float'
  texture.cpp
D:\OPENGL\physx2d\physx2d\Physx2D\math\math.h(12,39): warning C4305: 'initializing': truncation from 'double' to 'float'
D:\OPENGL\physx2d\physx2d\Physx2D\math\math.h(13,40): warning C4305: 'initializing': truncation from 'double' to 'float'
  vao.cpp
D:\OPENGL\physx2d\physx2d\Physx2D\renderer\vao.cpp(10,78): warning C4312: 'type cast': conversion from 'unsigned int' to 'void *' of greater size
  time.cpp
  window.cpp
D:\OPENGL\physx2d\physx2d\Physx2D\math\math.h(12,39): warning C4305: 'initializing': truncation from 'double' to 'float'
D:\OPENGL\physx2d\physx2d\Physx2D\math\math.h(13,40): warning C4305: 'initializing': truncation from 'double' to 'float'
D:\OPENGL\physx2d\physx2d\Physx2D\window\window.cpp(50,55): warning C4244: 'argument': conversion from 'uint32_t' to 'float', possible loss of data
D:\OPENGL\physx2d\physx2d\Physx2D\window\window.cpp(50,37): warning C4244: 'argument': conversion from 'uint32_t' to 'float', possible loss of data
  PhysicsSimulator.cpp
D:\OPENGL\physx2d\physx2d\Physx2D\math\math.h(12,39): warning C4305: 'initializing': truncation from 'double' to 'float'
D:\OPENGL\physx2d\physx2d\Physx2D\math\math.h(13,40): warning C4305: 'initializing': truncation from 'double' to 'float'
D:\OPENGL\physx2d\physx2d\SandBox\default\PhysicsSimulator.cpp(31,31): warning C4244: 'argument': conversion from 'float' to 'int', possible loss of data
D:\OPENGL\physx2d\physx2d\SandBox\default\PhysicsSimulator.cpp(31,24): warning C4244: 'argument': conversion from 'float' to 'int', possible loss of data
D:\OPENGL\physx2d\physx2d\SandBox\default\PhysicsSimulator.cpp(31,14): warning C4244: 'initializing': conversion from 'int' to 'float', possible loss of data
D:\OPENGL\physx2d\physx2d\SandBox\default\PhysicsSimulator.cpp(59,30): warning C4244: 'argument': conversion from 'double' to 'float', possible loss of data
D:\OPENGL\physx2d\physx2d\SandBox\default\PhysicsSimulator.cpp(151,48): warning C4244: 'argument': conversion from 'double' to 'float', possible loss of data
D:\OPENGL\physx2d\physx2d\SandBox\default\PhysicsSimulator.cpp(155,122): warning C4267: 'argument': conversion from 'size_t' to 'uint32_t', possible loss of data
D:\OPENGL\physx2d\physx2d\SandBox\default\PhysicsSimulator.cpp(171,33): warning C4244: 'argument': conversion from 'float' to 'int', possible loss of data
D:\OPENGL\physx2d\physx2d\SandBox\default\PhysicsSimulator.cpp(171,24): warning C4244: 'argument': conversion from 'float' to 'int', possible loss of data
D:\OPENGL\physx2d\physx2d\SandBox\default\PhysicsSimulator.cpp(171,14): warning C4244: 'initializing': conversion from 'int' to 'float', possible loss of data
D:\OPENGL\physx2d\physx2d\SandBox\default\PhysicsSimulator.cpp(173,75): warning C4244: 'argument': conversion from 'double' to 'float', possible loss of data
D:\OPENGL\physx2d\physx2d\SandBox\default\PhysicsSimulator.cpp(173,47): warning C4244: 'argument': conversion from 'double' to 'float', possible loss of data
D:\OPENGL\physx2d\physx2d\SandBox\default\PhysicsSimulator.cpp(173,90): warning C4244: 'argument': conversion from 'double' to 'float', possible loss of data
  stb_image.cpp
  Previous IPDB not found, fall back to full compilation.
LINK : warning LNK4098: defaultlib 'MSVCRTD' conflicts with use of other libs; use /NODEFAULTLIB:library
  Generating code
D:\OPENGL\physx2d\physx2d\Physx2D\utils\components.h(174): warning C4715: 'Physx2D::CircleCollider::constraintCollision': not all control paths return a value
  All 903 functions were compiled because no usable IPDB/IOBJ from previous compilation was found.
  Finished generating code
  physx2d.vcxproj -> D:\OPENGL\physx2d\physx2d\x64\Release\physx2d.exe
